<?xml version="1.0" encoding="UTF-8"?>
<testng-results ignored="0" total="1" passed="1" failed="0" skipped="0">
  <reporter-output>
  </reporter-output>
  <suite started-at="2025-09-07T22:00:36 IST" name="Parabank Suite" finished-at="2025-09-07T22:00:57 IST" duration-ms="20804">
    <groups>
      <group name="cucumber">
        <method signature="AbstractTestNGCucumberTests.runScenario(io.cucumber.testng.PickleWrapper,io.cucumber.testng.FeatureWrapper)[pri:0, instance:com.capstone.runners.TestNGCucumberRunnerTest@4988d8b8]" name="runScenario" class="io.cucumber.testng.AbstractTestNGCucumberTests"/>
      </group> <!-- cucumber -->
    </groups>
    <test started-at="2025-09-07T22:00:36 IST" name="CucumberTests" finished-at="2025-09-07T22:00:56 IST" duration-ms="20793">
      <class name="com.capstone.runners.TestNGCucumberRunnerTest">
        <test-method is-config="true" signature="setUpClass(org.testng.ITestContext)[pri:0, instance:com.capstone.runners.TestNGCucumberRunnerTest@4988d8b8]" started-at="2025-09-07T22:00:36 IST" name="setUpClass" finished-at="2025-09-07T22:00:36 IST" duration-ms="418" status="PASS">
          <params>
            <param index="0">
              <value>
                <![CDATA[org.testng.TestRunner@2295566b]]>
              </value>
            </param>
          </params>
          <reporter-output>
          </reporter-output>
        </test-method> <!-- setUpClass -->
        <test-method signature="runScenario(io.cucumber.testng.PickleWrapper,io.cucumber.testng.FeatureWrapper)[pri:0, instance:com.capstone.runners.TestNGCucumberRunnerTest@4988d8b8]" started-at="2025-09-07T22:00:36 IST" name="runScenario" description="Runs Cucumber Scenarios" data-provider="scenarios" finished-at="2025-09-07T22:00:56 IST" duration-ms="20295" status="PASS">
          <params>
            <param index="0">
              <value>
                <![CDATA["Run all functions in order"]]>
              </value>
            </param>
            <param index="1">
              <value>
                <![CDATA["Parabank End-to-End Flow"]]>
              </value>
            </param>
          </params>
          <reporter-output>
          </reporter-output>
        </test-method> <!-- runScenario -->
        <test-method is-config="true" signature="tearDownClass()[pri:0, instance:com.capstone.runners.TestNGCucumberRunnerTest@4988d8b8]" started-at="2025-09-07T22:00:56 IST" name="tearDownClass" finished-at="2025-09-07T22:00:56 IST" duration-ms="50" status="PASS">
          <reporter-output>
          </reporter-output>
        </test-method> <!-- tearDownClass -->
      </class> <!-- com.capstone.runners.TestNGCucumberRunnerTest -->
    </test> <!-- CucumberTests -->
    <test started-at="2025-09-07T22:00:57 IST" name="JUnitSanity" finished-at="2025-09-07T22:00:57 IST" duration-ms="0">
    </test> <!-- JUnitSanity -->
  </suite> <!-- Parabank Suite -->
</testng-results>
